<?xml version="1.0" encoding="UTF-8"?>
<testng-results ignored="0" total="6" passed="6" failed="0" skipped="0">
  <reporter-output>
  </reporter-output>
  <suite started-at="2025-01-20T22:53:42 IST" name="Default suite" finished-at="2025-01-20T22:53:46 IST" duration-ms="3783">
    <groups>
      <group name="cucumber">
        <method signature="AbstractTestNGCucumberTests.runScenario(io.cucumber.testng.PickleWrapper,io.cucumber.testng.FeatureWrapper)[pri:0, instance:runners.TaggedRunner@4b741d6d]" name="runScenario" class="io.cucumber.testng.AbstractTestNGCucumberTests"/>
      </group> <!-- cucumber -->
    </groups>
    <test started-at="2025-01-20T22:53:42 IST" name="Default test" finished-at="2025-01-20T22:53:46 IST" duration-ms="3783">
      <class name="runners.TaggedRunner">
        <test-method is-config="true" signature="setUpClass(org.testng.ITestContext)[pri:0, instance:runners.TaggedRunner@4b741d6d]" started-at="2025-01-20T22:53:42 IST" name="setUpClass" finished-at="2025-01-20T22:53:43 IST" duration-ms="907" status="PASS">
          <params>
            <param index="0">
              <value>
                <![CDATA[org.testng.TestRunner@367d2816]]>
              </value>
            </param>
          </params>
          <reporter-output>
          </reporter-output>
        </test-method> <!-- setUpClass -->
        <test-method signature="runScenario(io.cucumber.testng.PickleWrapper,io.cucumber.testng.FeatureWrapper)[pri:0, instance:runners.TaggedRunner@4b741d6d]" started-at="2025-01-20T22:53:43 IST" name="runScenario" description="Runs Cucumber Scenarios" data-provider="scenarios" finished-at="2025-01-20T22:53:43 IST" duration-ms="135" status="PASS">
          <params>
            <param index="0">
              <value>
                <![CDATA["View Deals"]]>
              </value>
            </param>
            <param index="1">
              <value>
                <![CDATA["Deals Activities"]]>
              </value>
            </param>
          </params>
          <reporter-output>
          </reporter-output>
        </test-method> <!-- runScenario -->
        <test-method signature="runScenario(io.cucumber.testng.PickleWrapper,io.cucumber.testng.FeatureWrapper)[pri:0, instance:runners.TaggedRunner@4b741d6d]" started-at="2025-01-20T22:53:43 IST" name="runScenario" description="Runs Cucumber Scenarios" data-provider="scenarios" finished-at="2025-01-20T22:53:43 IST" duration-ms="23" status="PASS">
          <params>
            <param index="0">
              <value>
                <![CDATA["Update Deals"]]>
              </value>
            </param>
            <param index="1">
              <value>
                <![CDATA["Deals Activities"]]>
              </value>
            </param>
          </params>
          <reporter-output>
          </reporter-output>
        </test-method> <!-- runScenario -->
        <test-method signature="runScenario(io.cucumber.testng.PickleWrapper,io.cucumber.testng.FeatureWrapper)[pri:0, instance:runners.TaggedRunner@4b741d6d]" started-at="2025-01-20T22:53:43 IST" name="runScenario" description="Runs Cucumber Scenarios" data-provider="scenarios" finished-at="2025-01-20T22:53:43 IST" duration-ms="21" status="PASS">
          <params>
            <param index="0">
              <value>
                <![CDATA["delete a Deals"]]>
              </value>
            </param>
            <param index="1">
              <value>
                <![CDATA["Deals Activities"]]>
              </value>
            </param>
          </params>
          <reporter-output>
          </reporter-output>
        </test-method> <!-- runScenario -->
        <test-method signature="runScenario(io.cucumber.testng.PickleWrapper,io.cucumber.testng.FeatureWrapper)[pri:0, instance:runners.TaggedRunner@4b741d6d]" started-at="2025-01-20T22:53:43 IST" name="runScenario" description="Runs Cucumber Scenarios" data-provider="scenarios" finished-at="2025-01-20T22:53:43 IST" duration-ms="16" status="PASS">
          <params>
            <param index="0">
              <value>
                <![CDATA["view new"]]>
              </value>
            </param>
            <param index="1">
              <value>
                <![CDATA["Task Activities"]]>
              </value>
            </param>
          </params>
          <reporter-output>
          </reporter-output>
        </test-method> <!-- runScenario -->
        <test-method signature="runScenario(io.cucumber.testng.PickleWrapper,io.cucumber.testng.FeatureWrapper)[pri:0, instance:runners.TaggedRunner@4b741d6d]" started-at="2025-01-20T22:53:43 IST" name="runScenario" description="Runs Cucumber Scenarios" data-provider="scenarios" finished-at="2025-01-20T22:53:43 IST" duration-ms="14" status="PASS">
          <params>
            <param index="0">
              <value>
                <![CDATA["Update new"]]>
              </value>
            </param>
            <param index="1">
              <value>
                <![CDATA["Task Activities"]]>
              </value>
            </param>
          </params>
          <reporter-output>
          </reporter-output>
        </test-method> <!-- runScenario -->
        <test-method signature="runScenario(io.cucumber.testng.PickleWrapper,io.cucumber.testng.FeatureWrapper)[pri:0, instance:runners.TaggedRunner@4b741d6d]" started-at="2025-01-20T22:53:43 IST" name="runScenario" description="Runs Cucumber Scenarios" data-provider="scenarios" finished-at="2025-01-20T22:53:43 IST" duration-ms="25" status="PASS">
          <params>
            <param index="0">
              <value>
                <![CDATA["Delete a new"]]>
              </value>
            </param>
            <param index="1">
              <value>
                <![CDATA["Task Activities"]]>
              </value>
            </param>
          </params>
          <reporter-output>
          </reporter-output>
        </test-method> <!-- runScenario -->
        <test-method is-config="true" signature="tearDownClass()[pri:0, instance:runners.TaggedRunner@4b741d6d]" started-at="2025-01-20T22:53:44 IST" name="tearDownClass" finished-at="2025-01-20T22:53:46 IST" duration-ms="2587" status="PASS">
          <reporter-output>
          </reporter-output>
        </test-method> <!-- tearDownClass -->
      </class> <!-- runners.TaggedRunner -->
    </test> <!-- Default test -->
  </suite> <!-- Default suite -->
</testng-results>
